(NIL, (1,black), NIL)
(NIL, (1,black), (NIL, (2,red), NIL))
((NIL, (1,red), NIL), (2,black), (NIL, (3,red), NIL))
((NIL, (1,black), NIL), (2,black), (NIL, (3,black), (NIL, (4,red), NIL)))
((NIL, (1,black), NIL), (2,black), ((NIL, (3,red), NIL), (4,black), (NIL, (5,red), NIL)))
((NIL, (1,black), NIL), (2,black), ((NIL, (3,black), NIL), (4,red), (NIL, (5,black), (NIL, (20,red), NIL))))
((NIL, (1,black), NIL), (2,black), ((NIL, (3,black), NIL), (4,red), ((NIL, (5,red), NIL), (19,black), (NIL, (20,red), NIL))))
(((NIL, (1,black), NIL), (2,red), (NIL, (3,black), NIL)), (4,black), ((NIL, (5,black), (NIL, (18,red), NIL)), (19,red), (NIL, (20,black), NIL)))
(((NIL, (1,black), NIL), (2,red), (NIL, (3,black), NIL)), (4,black), (((NIL, (5,red), NIL), (17,black), (NIL, (18,red), NIL)), (19,red), (NIL, (20,black), NIL)))
(((NIL, (1,black), NIL), (2,black), (NIL, (3,black), NIL)), (4,black), (((NIL, (5,black), (NIL, (16,red), NIL)), (17,red), (NIL, (18,black), NIL)), (19,black), (NIL, (20,black), NIL)))
(((NIL, (1,black), NIL), (2,black), (NIL, (3,black), NIL)), (4,black), ((((NIL, (5,red), NIL), (10,black), (NIL, (16,red), NIL)), (17,red), (NIL, (18,black), NIL)), (19,black), (NIL, (20,black), NIL)))
(((NIL, (1,black), NIL), (2,black), (NIL, (3,black), NIL)), (4,black), (((NIL, (5,black), (NIL, (9,red), NIL)), (10,red), (NIL, (16,black), NIL)), (17,black), ((NIL, (18,black), NIL), (19,red), (NIL, (20,black), NIL))))
(((NIL, (1,black), NIL), (2,black), (NIL, (3,black), NIL)), (4,black), ((((NIL, (5,red), NIL), (8,black), (NIL, (9,red), NIL)), (10,red), (NIL, (16,black), NIL)), (17,black), ((NIL, (18,black), NIL), (19,red), (NIL, (20,black), NIL))))
(((NIL, (1,black), NIL), (2,black), (NIL, (3,black), NIL)), (4,black), ((((NIL, (5,black), (NIL, (7,red), NIL)), (8,red), (NIL, (9,black), NIL)), (10,black), (NIL, (16,black), NIL)), (17,red), ((NIL, (18,black), NIL), (19,black), (NIL, (20,black), NIL))))
(((NIL, (1,black), NIL), (2,black), (NIL, (3,black), NIL)), (4,black), (((((NIL, (5,red), NIL), (6,black), (NIL, (7,red), NIL)), (8,red), (NIL, (9,black), NIL)), (10,black), (NIL, (16,black), NIL)), (17,red), ((NIL, (18,black), NIL), (19,black), (NIL, (20,black), NIL))))
(((NIL, (1,black), NIL), (2,black), (NIL, (3,black), NIL)), (4,black), (((((NIL, (5,red), NIL), (6,black), (NIL, (7,red), NIL)), (8,red), (NIL, (9,black), NIL)), (10,black), ((NIL, (11,red), NIL), (16,black), NIL)), (17,red), ((NIL, (18,black), NIL), (19,black), (NIL, (20,black), NIL))))
(((NIL, (1,black), NIL), (2,black), (NIL, (3,black), NIL)), (4,black), (((((NIL, (5,red), NIL), (6,black), (NIL, (7,red), NIL)), (8,red), (NIL, (9,black), NIL)), (10,black), ((NIL, (11,red), NIL), (12,black), (NIL, (16,red), NIL))), (17,red), ((NIL, (18,black), NIL), (19,black), (NIL, (20,black), NIL))))
(((NIL, (1,black), NIL), (2,black), (NIL, (3,black), NIL)), (4,black), (((((NIL, (5,red), NIL), (6,black), (NIL, (7,red), NIL)), (8,red), (NIL, (9,black), NIL)), (10,black), ((NIL, (11,black), NIL), (12,red), ((NIL, (13,red), NIL), (16,black), NIL))), (17,red), ((NIL, (18,black), NIL), (19,black), (NIL, (20,black), NIL))))
(((NIL, (1,black), NIL), (2,black), (NIL, (3,black), NIL)), (4,black), (((((NIL, (5,red), NIL), (6,black), (NIL, (7,red), NIL)), (8,red), (NIL, (9,black), NIL)), (10,black), ((NIL, (11,black), NIL), (12,red), ((NIL, (13,red), NIL), (14,black), (NIL, (16,red), NIL)))), (17,red), ((NIL, (18,black), NIL), (19,black), (NIL, (20,black), NIL))))
((((NIL, (1,black), NIL), (2,black), (NIL, (3,black), NIL)), (4,red), (((NIL, (5,red), NIL), (6,black), (NIL, (7,red), NIL)), (8,black), (NIL, (9,black), NIL))), (10,black), (((NIL, (11,black), NIL), (12,black), ((NIL, (13,black), NIL), (14,red), ((NIL, (15,red), NIL), (16,black), NIL))), (17,red), ((NIL, (18,black), NIL), (19,black), (NIL, (20,black), NIL))))
