(NIL, (50,black), NIL)
((NIL, (40,red), NIL), (50,black), NIL)
((NIL, (40,red), NIL), (50,black), (NIL, (60,red), NIL))
(((NIL, (10,red), NIL), (40,black), NIL), (50,black), (NIL, (60,black), NIL))
((NIL, (40,black), NIL), (50,black), (NIL, (60,black), NIL))
(((NIL, (20,red), NIL), (40,black), NIL), (50,black), (NIL, (60,black), NIL))
((NIL, (20,black), NIL), (40,black), (NIL, (50,black), NIL))
((NIL, (20,black), (NIL, (23,red), NIL)), (40,black), (NIL, (50,black), NIL))
((NIL, (23,black), NIL), (40,black), (NIL, (50,black), NIL))
((NIL, (23,black), NIL), (40,black), ((NIL, (44,red), NIL), (50,black), NIL))
((NIL, (23,black), NIL), (40,black), ((NIL, (44,red), NIL), (46,black), (NIL, (50,red), NIL)))
((NIL, (23,black), NIL), (40,black), (NIL, (44,black), (NIL, (50,red), NIL)))
((NIL, (23,black), NIL), (40,black), ((NIL, (42,red), NIL), (44,black), (NIL, (50,red), NIL)))
((NIL, (40,black), NIL), (42,black), (NIL, (44,black), (NIL, (50,red), NIL)))
((NIL, (40,black), NIL), (42,black), ((NIL, (44,red), NIL), (50,black), (NIL, (55,red), NIL)))
((NIL, (40,black), NIL), (42,black), ((NIL, (44,black), NIL), (50,red), (NIL, (55,black), (NIL, (58,red), NIL))))
((NIL, (40,black), NIL), (42,black), ((NIL, (44,black), NIL), (50,red), ((NIL, (55,red), NIL), (58,black), (NIL, (59,red), NIL))))
((NIL, (40,black), NIL), (42,black), ((NIL, (50,black), NIL), (55,red), (NIL, (58,black), (NIL, (59,red), NIL))))
(((NIL, (40,red), NIL), (50,black), NIL), (55,black), (NIL, (58,black), (NIL, (59,red), NIL)))
((NIL, (50,black), NIL), (55,black), (NIL, (58,black), (NIL, (59,red), NIL)))
