(NIL, (42,black), NIL)
(NIL, (42,black), (NIL, (48,red), NIL))
((NIL, (18,red), NIL), (42,black), (NIL, (48,red), NIL))
((NIL, (18,black), (NIL, (40,red), NIL)), (42,black), (NIL, (48,black), NIL))
(((NIL, (18,red), NIL), (28,black), (NIL, (40,red), NIL)), (42,black), (NIL, (48,black), NIL))
((((NIL, (5,red), NIL), (18,black), NIL), (28,red), (NIL, (40,black), NIL)), (42,black), (NIL, (48,black), NIL))
((((NIL, (5,red), NIL), (18,black), (NIL, (25,red), NIL)), (28,red), (NIL, (40,black), NIL)), (42,black), (NIL, (48,black), NIL))
((((NIL, (5,red), NIL), (18,black), NIL), (25,red), (NIL, (28,black), NIL)), (42,black), (NIL, (48,black), NIL))
(((NIL, (5,red), NIL), (18,black), NIL), (25,black), (NIL, (28,black), (NIL, (42,red), NIL)))
(((NIL, (5,red), NIL), (14,black), (NIL, (18,red), NIL)), (25,black), (NIL, (28,black), (NIL, (42,red), NIL)))
(((NIL, (5,red), NIL), (14,black), (NIL, (18,red), NIL)), (25,black), ((NIL, (28,red), NIL), (29,black), (NIL, (42,red), NIL)))
(((NIL, (5,red), NIL), (14,black), (NIL, (18,red), NIL)), (25,black), ((NIL, (28,black), NIL), (29,red), ((NIL, (37,red), NIL), (42,black), NIL)))
(((NIL, (5,red), NIL), (14,black), (NIL, (18,red), NIL)), (25,black), (((NIL, (27,red), NIL), (28,black), NIL), (29,red), ((NIL, (37,red), NIL), (42,black), NIL)))
(((NIL, (5,black), (NIL, (11,red), NIL)), (14,red), (NIL, (18,black), NIL)), (25,black), (((NIL, (27,red), NIL), (28,black), NIL), (29,red), ((NIL, (37,red), NIL), (42,black), NIL)))
(((NIL, (5,black), NIL), (11,red), (NIL, (14,black), NIL)), (18,black), (((NIL, (27,red), NIL), (28,black), NIL), (29,red), ((NIL, (37,red), NIL), (42,black), NIL)))
(((NIL, (11,red), NIL), (14,black), NIL), (18,black), (((NIL, (27,red), NIL), (28,black), NIL), (29,red), ((NIL, (37,red), NIL), (42,black), NIL)))
(((NIL, (11,red), NIL), (14,black), NIL), (18,black), (((NIL, (22,red), NIL), (27,black), (NIL, (28,red), NIL)), (29,red), ((NIL, (37,red), NIL), (42,black), NIL)))
(((NIL, (11,red), NIL), (12,black), (NIL, (14,red), NIL)), (18,black), (((NIL, (22,red), NIL), (27,black), (NIL, (28,red), NIL)), (29,red), ((NIL, (37,red), NIL), (42,black), NIL)))
(((NIL, (11,black), NIL), (12,red), (NIL, (14,black), (NIL, (15,red), NIL))), (18,black), (((NIL, (22,red), NIL), (27,black), (NIL, (28,red), NIL)), (29,red), ((NIL, (37,red), NIL), (42,black), NIL)))
(((NIL, (11,black), NIL), (12,red), (NIL, (14,black), NIL)), (18,black), (((NIL, (22,red), NIL), (27,black), (NIL, (28,red), NIL)), (29,red), ((NIL, (37,red), NIL), (42,black), NIL)))
(((NIL, (11,black), NIL), (12,red), (NIL, (14,black), NIL)), (18,black), (((NIL, (22,red), NIL), (27,black), (NIL, (28,red), NIL)), (29,red), ((NIL, (37,red), NIL), (42,black), (NIL, (47,red), NIL))))
(((NIL, (11,black), NIL), (12,red), (NIL, (14,black), NIL)), (18,black), (((NIL, (22,red), NIL), (27,black), NIL), (29,red), ((NIL, (37,red), NIL), (42,black), (NIL, (47,red), NIL))))
((NIL, (11,black), (NIL, (12,red), NIL)), (14,black), (((NIL, (22,red), NIL), (27,black), NIL), (29,red), ((NIL, (37,red), NIL), (42,black), (NIL, (47,red), NIL))))
(((NIL, (10,red), NIL), (11,black), (NIL, (12,red), NIL)), (14,black), (((NIL, (22,red), NIL), (27,black), NIL), (29,red), ((NIL, (37,red), NIL), (42,black), (NIL, (47,red), NIL))))
((((NIL, (10,red), NIL), (11,black), (NIL, (12,red), NIL)), (14,red), ((NIL, (22,red), NIL), (27,black), NIL)), (29,black), ((NIL, (37,black), NIL), (42,red), ((NIL, (45,red), NIL), (47,black), NIL)))
(((((NIL, (1,red), NIL), (10,black), NIL), (11,red), (NIL, (12,black), NIL)), (14,black), ((NIL, (22,red), NIL), (27,black), NIL)), (29,black), ((NIL, (37,black), NIL), (42,black), ((NIL, (45,red), NIL), (47,black), NIL)))
(((((NIL, (1,red), NIL), (10,black), NIL), (11,red), (NIL, (12,black), NIL)), (14,black), ((NIL, (22,red), NIL), (26,black), (NIL, (27,red), NIL))), (29,black), ((NIL, (37,black), NIL), (42,black), ((NIL, (45,red), NIL), (47,black), NIL)))
((((NIL, (1,red), NIL), (10,black), (NIL, (11,red), NIL)), (12,black), ((NIL, (22,red), NIL), (26,black), (NIL, (27,red), NIL))), (29,black), ((NIL, (37,black), NIL), (42,black), ((NIL, (45,red), NIL), (47,black), NIL)))
((((NIL, (1,black), (NIL, (6,red), NIL)), (10,red), (NIL, (11,black), NIL)), (12,black), ((NIL, (22,red), NIL), (26,black), (NIL, (27,red), NIL))), (29,black), ((NIL, (37,black), NIL), (42,black), ((NIL, (45,red), NIL), (47,black), NIL)))
((((NIL, (1,black), (NIL, (6,red), NIL)), (10,red), (NIL, (11,black), NIL)), (12,black), (NIL, (22,black), (NIL, (27,red), NIL))), (29,black), ((NIL, (37,black), NIL), (42,black), ((NIL, (45,red), NIL), (47,black), NIL)))
((((NIL, (1,black), (NIL, (6,red), NIL)), (10,red), (NIL, (11,black), NIL)), (12,black), ((NIL, (22,red), NIL), (24,black), (NIL, (27,red), NIL))), (29,black), ((NIL, (37,black), NIL), (42,black), ((NIL, (45,red), NIL), (47,black), NIL)))
((((NIL, (1,black), (NIL, (6,red), NIL)), (10,red), (NIL, (11,black), NIL)), (12,black), (((NIL, (21,red), NIL), (22,black), NIL), (24,red), (NIL, (27,black), NIL))), (29,black), ((NIL, (37,black), NIL), (42,black), ((NIL, (45,red), NIL), (47,black), NIL)))
(((((NIL, (1,red), NIL), (5,black), (NIL, (6,red), NIL)), (10,red), (NIL, (11,black), NIL)), (12,black), (((NIL, (21,red), NIL), (22,black), NIL), (24,red), (NIL, (27,black), NIL))), (29,black), ((NIL, (37,black), NIL), (42,black), ((NIL, (45,red), NIL), (47,black), NIL)))
(((((NIL, (1,red), NIL), (5,black), (NIL, (6,red), NIL)), (10,red), (NIL, (11,black), NIL)), (12,black), (((NIL, (21,red), NIL), (22,black), NIL), (24,red), (NIL, (27,black), NIL))), (29,black), ((NIL, (37,black), NIL), (45,black), (NIL, (47,black), NIL)))
(((((NIL, (1,red), NIL), (5,black), (NIL, (6,red), NIL)), (10,red), (NIL, (11,black), NIL)), (12,black), (((NIL, (21,red), NIL), (22,black), (NIL, (23,red), NIL)), (24,red), (NIL, (27,black), NIL))), (29,black), ((NIL, (37,black), NIL), (45,black), (NIL, (47,black), NIL)))
(((((NIL, (1,red), NIL), (5,black), (NIL, (6,red), NIL)), (10,black), (NIL, (11,black), NIL)), (12,red), ((((NIL, (13,red), NIL), (21,black), NIL), (22,red), (NIL, (23,black), NIL)), (24,black), (NIL, (27,black), NIL))), (29,black), ((NIL, (37,black), NIL), (45,black), (NIL, (47,black), NIL)))
(((((NIL, (1,red), NIL), (5,black), (NIL, (6,red), NIL)), (10,black), (NIL, (11,black), NIL)), (12,red), ((((NIL, (13,red), NIL), (21,black), NIL), (22,red), (NIL, (23,black), NIL)), (24,black), (NIL, (27,black), NIL))), (29,black), (((NIL, (31,red), NIL), (37,black), NIL), (45,black), (NIL, (47,black), NIL)))
(((((NIL, (1,red), NIL), (5,black), (NIL, (6,red), NIL)), (10,black), (NIL, (11,black), NIL)), (12,red), ((((NIL, (13,red), NIL), (20,black), (NIL, (21,red), NIL)), (22,red), (NIL, (23,black), NIL)), (24,black), (NIL, (27,black), NIL))), (29,black), (((NIL, (31,red), NIL), (37,black), NIL), (45,black), (NIL, (47,black), NIL)))
(((((NIL, (1,red), NIL), (5,black), (NIL, (6,red), NIL)), (10,black), (NIL, (11,black), NIL)), (12,red), ((((NIL, (13,red), NIL), (20,black), (NIL, (21,red), NIL)), (22,red), (NIL, (23,black), NIL)), (24,black), (NIL, (27,black), NIL))), (29,black), (((NIL, (31,red), NIL), (37,black), NIL), (45,black), (NIL, (47,black), (NIL, (49,red), NIL))))
(((((NIL, (1,red), NIL), (5,black), (NIL, (6,red), NIL)), (10,black), (NIL, (11,black), NIL)), (12,red), ((((NIL, (13,red), NIL), (20,black), (NIL, (21,red), NIL)), (22,red), (NIL, (23,black), NIL)), (24,black), (NIL, (27,black), NIL))), (29,black), (((NIL, (31,red), NIL), (37,black), NIL), (45,black), ((NIL, (46,red), NIL), (47,black), (NIL, (49,red), NIL))))
(((((NIL, (1,red), NIL), (5,black), (NIL, (6,red), NIL)), (10,black), (NIL, (11,black), NIL)), (12,red), ((((NIL, (13,red), NIL), (20,black), (NIL, (21,red), NIL)), (22,red), (NIL, (23,black), NIL)), (24,black), (NIL, (27,black), NIL))), (29,black), (((NIL, (31,red), NIL), (37,black), NIL), (45,black), ((NIL, (46,red), NIL), (47,black), NIL)))
(((((NIL, (1,red), NIL), (5,black), (NIL, (6,red), NIL)), (10,black), (NIL, (11,black), NIL)), (12,red), ((((NIL, (13,red), NIL), (20,black), (NIL, (21,red), NIL)), (22,red), (NIL, (23,black), NIL)), (24,black), (NIL, (27,black), NIL))), (29,black), (((NIL, (31,red), NIL), (37,black), (NIL, (38,red), NIL)), (45,black), ((NIL, (46,red), NIL), (47,black), NIL)))
(((((NIL, (1,black), (NIL, (2,red), NIL)), (5,red), (NIL, (6,black), NIL)), (10,black), (NIL, (11,black), NIL)), (12,red), ((((NIL, (13,red), NIL), (20,black), (NIL, (21,red), NIL)), (22,red), (NIL, (23,black), NIL)), (24,black), (NIL, (27,black), NIL))), (29,black), (((NIL, (31,red), NIL), (37,black), (NIL, (38,red), NIL)), (45,black), ((NIL, (46,red), NIL), (47,black), NIL)))
(((((NIL, (1,black), (NIL, (2,red), NIL)), (5,red), (NIL, (6,black), NIL)), (10,black), (NIL, (11,black), NIL)), (12,red), (((NIL, (20,black), (NIL, (21,red), NIL)), (22,red), (NIL, (23,black), NIL)), (24,black), (NIL, (27,black), NIL))), (29,black), (((NIL, (31,red), NIL), (37,black), (NIL, (38,red), NIL)), (45,black), ((NIL, (46,red), NIL), (47,black), NIL)))
(((((NIL, (1,black), (NIL, (2,red), NIL)), (5,red), (NIL, (6,black), NIL)), (10,black), (NIL, (11,black), NIL)), (12,red), (((NIL, (20,black), (NIL, (21,red), NIL)), (22,red), (NIL, (23,black), NIL)), (24,black), (NIL, (27,black), NIL))), (29,black), ((NIL, (37,black), (NIL, (38,red), NIL)), (45,black), ((NIL, (46,red), NIL), (47,black), NIL)))
(((((NIL, (1,black), (NIL, (2,red), NIL)), (5,red), (NIL, (6,black), NIL)), (10,black), (NIL, (11,black), NIL)), (12,red), (((NIL, (20,black), (NIL, (21,red), NIL)), (22,red), (NIL, (23,black), NIL)), (24,black), (NIL, (27,black), NIL))), (29,black), (((NIL, (30,red), NIL), (37,black), (NIL, (38,red), NIL)), (45,black), ((NIL, (46,red), NIL), (47,black), NIL)))
(((((NIL, (1,black), (NIL, (2,red), NIL)), (5,red), (NIL, (6,black), NIL)), (10,black), (NIL, (11,black), NIL)), (12,red), ((((NIL, (19,red), NIL), (20,black), (NIL, (21,red), NIL)), (22,red), (NIL, (23,black), NIL)), (24,black), (NIL, (27,black), NIL))), (29,black), (((NIL, (30,red), NIL), (37,black), (NIL, (38,red), NIL)), (45,black), ((NIL, (46,red), NIL), (47,black), NIL)))
(((((NIL, (1,black), (NIL, (2,red), NIL)), (5,red), (NIL, (6,black), NIL)), (10,black), (NIL, (11,black), NIL)), (12,red), ((((NIL, (16,red), NIL), (19,black), NIL), (20,red), (NIL, (21,black), NIL)), (22,black), ((NIL, (23,black), NIL), (24,red), (NIL, (27,black), NIL)))), (29,black), (((NIL, (30,red), NIL), (37,black), (NIL, (38,red), NIL)), (45,black), ((NIL, (46,red), NIL), (47,black), NIL)))
(((((NIL, (1,black), (NIL, (2,red), NIL)), (5,red), (NIL, (6,black), NIL)), (10,black), (NIL, (11,black), NIL)), (12,red), ((((NIL, (16,red), NIL), (19,black), NIL), (20,red), (NIL, (21,black), NIL)), (22,black), ((NIL, (23,black), NIL), (24,red), (NIL, (27,black), NIL)))), (29,black), ((NIL, (37,black), (NIL, (38,red), NIL)), (45,black), ((NIL, (46,red), NIL), (47,black), NIL)))
(((((NIL, (1,black), (NIL, (2,red), NIL)), (5,red), (NIL, (6,black), NIL)), (10,black), (NIL, (11,black), NIL)), (12,red), ((((NIL, (16,red), NIL), (19,black), NIL), (20,red), (NIL, (21,black), NIL)), (22,black), ((NIL, (23,black), NIL), (24,red), (NIL, (27,black), NIL)))), (29,black), ((NIL, (37,black), (NIL, (38,red), NIL)), (45,black), ((NIL, (46,red), NIL), (47,black), (NIL, (50,red), NIL))))
