(NIL, (24,black), NIL)
(NIL, (24,black), (NIL, (49,red), NIL))
((NIL, (11,red), NIL), (24,black), (NIL, (49,red), NIL))
(NIL, (11,black), (NIL, (49,red), NIL))
((NIL, (11,red), NIL), (30,black), (NIL, (49,red), NIL))
(((NIL, (7,red), NIL), (11,black), NIL), (30,black), (NIL, (49,black), NIL))
(((NIL, (7,red), NIL), (10,black), (NIL, (11,red), NIL)), (30,black), (NIL, (49,black), NIL))
(((NIL, (7,black), NIL), (10,red), (NIL, (11,black), (NIL, (15,red), NIL))), (30,black), (NIL, (49,black), NIL))
(((NIL, (7,black), NIL), (10,red), (NIL, (11,black), NIL)), (30,black), (NIL, (49,black), NIL))
((NIL, (7,black), (NIL, (10,red), NIL)), (11,black), (NIL, (49,black), NIL))
((NIL, (7,black), (NIL, (10,red), NIL)), (11,black), ((NIL, (26,red), NIL), (49,black), NIL))
((NIL, (7,black), (NIL, (10,red), NIL)), (11,black), ((NIL, (26,red), NIL), (43,black), (NIL, (49,red), NIL)))
((NIL, (7,black), (NIL, (10,red), NIL)), (11,black), (NIL, (43,black), (NIL, (49,red), NIL)))
((NIL, (7,black), (NIL, (10,red), NIL)), (11,black), ((NIL, (37,red), NIL), (43,black), (NIL, (49,red), NIL)))
(((NIL, (2,red), NIL), (7,black), (NIL, (10,red), NIL)), (11,black), ((NIL, (37,red), NIL), (43,black), (NIL, (49,red), NIL)))
(((NIL, (2,red), NIL), (7,black), (NIL, (10,red), NIL)), (11,black), ((NIL, (37,red), NIL), (43,black), NIL))
(((NIL, (2,red), NIL), (7,black), (NIL, (10,red), NIL)), (11,black), ((NIL, (12,red), NIL), (37,black), (NIL, (43,red), NIL)))
(((NIL, (2,red), NIL), (7,black), (NIL, (10,red), NIL)), (11,black), (NIL, (37,black), (NIL, (43,red), NIL)))
(((NIL, (2,red), NIL), (7,black), (NIL, (10,red), NIL)), (11,black), ((NIL, (37,red), NIL), (43,black), (NIL, (47,red), NIL)))
(((NIL, (2,red), NIL), (7,black), (NIL, (10,red), NIL)), (11,black), ((NIL, (37,black), NIL), (43,red), ((NIL, (45,red), NIL), (47,black), NIL)))
((NIL, (7,black), (NIL, (10,red), NIL)), (11,black), ((NIL, (37,black), NIL), (43,red), ((NIL, (45,red), NIL), (47,black), NIL)))
((NIL, (7,black), (NIL, (10,red), NIL)), (11,black), ((NIL, (43,black), NIL), (45,red), (NIL, (47,black), NIL)))
((NIL, (7,black), (NIL, (10,red), NIL)), (11,black), (NIL, (43,black), (NIL, (45,red), NIL)))
((NIL, (7,black), (NIL, (10,red), NIL)), (11,black), ((NIL, (43,red), NIL), (44,black), (NIL, (45,red), NIL)))
((NIL, (7,black), (NIL, (10,red), NIL)), (11,black), (NIL, (43,black), (NIL, (45,red), NIL)))
(((NIL, (4,red), NIL), (7,black), (NIL, (10,red), NIL)), (11,black), (NIL, (43,black), (NIL, (45,red), NIL)))
(((NIL, (4,red), NIL), (7,black), NIL), (10,black), (NIL, (43,black), (NIL, (45,red), NIL)))
((NIL, (4,black), NIL), (7,black), (NIL, (43,black), (NIL, (45,red), NIL)))
((NIL, (4,black), NIL), (43,black), (NIL, (45,black), NIL))
(((NIL, (2,red), NIL), (4,black), NIL), (43,black), (NIL, (45,black), NIL))
(((NIL, (2,red), NIL), (4,black), (NIL, (36,red), NIL)), (43,black), (NIL, (45,black), NIL))
(((NIL, (2,black), NIL), (4,red), ((NIL, (16,red), NIL), (36,black), NIL)), (43,black), (NIL, (45,black), NIL))
(((NIL, (2,black), NIL), (4,red), ((NIL, (16,red), NIL), (36,black), NIL)), (43,black), (NIL, (45,black), (NIL, (46,red), NIL)))
(((NIL, (2,black), NIL), (4,red), ((NIL, (16,red), NIL), (25,black), (NIL, (36,red), NIL))), (43,black), (NIL, (45,black), (NIL, (46,red), NIL)))
(((NIL, (2,black), NIL), (4,red), ((NIL, (7,red), NIL), (16,black), NIL)), (25,black), ((NIL, (36,black), NIL), (43,red), (NIL, (45,black), (NIL, (46,red), NIL))))
(((NIL, (4,black), NIL), (7,red), (NIL, (16,black), NIL)), (25,black), ((NIL, (36,black), NIL), (43,red), (NIL, (45,black), (NIL, (46,red), NIL))))
(((NIL, (4,black), NIL), (7,red), (NIL, (16,black), NIL)), (25,black), ((NIL, (36,black), NIL), (43,red), (NIL, (45,black), NIL)))
(((NIL, (4,black), NIL), (7,red), ((NIL, (13,red), NIL), (16,black), NIL)), (25,black), ((NIL, (36,black), NIL), (43,red), (NIL, (45,black), NIL)))
(((NIL, (4,black), NIL), (7,red), ((NIL, (13,red), NIL), (16,black), NIL)), (25,black), ((NIL, (36,black), (NIL, (40,red), NIL)), (43,red), (NIL, (45,black), NIL)))
(((NIL, (4,black), NIL), (7,red), (NIL, (13,black), NIL)), (25,black), ((NIL, (36,black), (NIL, (40,red), NIL)), (43,red), (NIL, (45,black), NIL)))
(((NIL, (4,black), NIL), (7,red), (NIL, (13,black), (NIL, (19,red), NIL))), (25,black), ((NIL, (36,black), (NIL, (40,red), NIL)), (43,red), (NIL, (45,black), NIL)))
(((NIL, (4,black), NIL), (7,red), (NIL, (13,black), (NIL, (19,red), NIL))), (25,black), (((NIL, (36,red), NIL), (37,black), (NIL, (40,red), NIL)), (43,red), (NIL, (45,black), NIL)))
(((NIL, (4,black), NIL), (7,black), (NIL, (13,black), (NIL, (19,red), NIL))), (25,black), (((NIL, (36,black), NIL), (37,red), (NIL, (40,black), (NIL, (42,red), NIL))), (43,black), (NIL, (45,black), NIL)))
(((NIL, (4,black), NIL), (7,black), (NIL, (13,black), (NIL, (19,red), NIL))), (25,black), ((((NIL, (31,red), NIL), (36,black), NIL), (37,red), (NIL, (40,black), (NIL, (42,red), NIL))), (43,black), (NIL, (45,black), NIL)))
(((NIL, (4,black), NIL), (7,black), ((NIL, (13,red), NIL), (16,black), (NIL, (19,red), NIL))), (25,black), ((((NIL, (31,red), NIL), (36,black), NIL), (37,red), (NIL, (40,black), (NIL, (42,red), NIL))), (43,black), (NIL, (45,black), NIL)))
(((NIL, (4,black), (NIL, (5,red), NIL)), (7,black), ((NIL, (13,red), NIL), (16,black), (NIL, (19,red), NIL))), (25,black), ((((NIL, (31,red), NIL), (36,black), NIL), (37,red), (NIL, (40,black), (NIL, (42,red), NIL))), (43,black), (NIL, (45,black), NIL)))
(((NIL, (4,black), (NIL, (5,red), NIL)), (7,black), ((NIL, (13,red), NIL), (16,black), (NIL, (19,red), NIL))), (25,black), ((((NIL, (31,red), NIL), (36,black), NIL), (37,red), (NIL, (40,black), NIL)), (42,black), (NIL, (45,black), NIL)))
((((NIL, (4,red), NIL), (5,black), (NIL, (6,red), NIL)), (7,black), ((NIL, (13,red), NIL), (16,black), (NIL, (19,red), NIL))), (25,black), ((((NIL, (31,red), NIL), (36,black), NIL), (37,red), (NIL, (40,black), NIL)), (42,black), (NIL, (45,black), NIL)))
((((NIL, (4,red), NIL), (5,black), (NIL, (6,red), NIL)), (7,black), ((NIL, (13,red), NIL), (16,black), (NIL, (19,red), NIL))), (25,black), (((NIL, (31,black), NIL), (37,red), (NIL, (40,black), NIL)), (42,black), (NIL, (45,black), NIL)))
((((NIL, (4,red), NIL), (5,black), (NIL, (6,red), NIL)), (7,black), ((NIL, (13,black), NIL), (16,red), (NIL, (19,black), (NIL, (24,red), NIL)))), (25,black), (((NIL, (31,black), NIL), (37,red), (NIL, (40,black), NIL)), (42,black), (NIL, (45,black), NIL)))
